<?xml version="1.0" encoding="UTF-8"?>
<!-- Generated by org.testng.reporters.JUnitXMLReporter -->
<testsuite ignored="0" hostname="ENS-Haneef-ullah" failures="3" tests="5" name="Test" time="86.822" errors="0" timestamp="2024-02-26T09:02:33 PKT">
  <testcase classname="RunthroughTesNGXML.Ec_commerce_TC__2_toast_and_beforeclassExplanation" name="@BeforeMethod beforeeachmethod" time="10.02">
    <failure type="org.openqa.selenium.NoSuchElementException" message="An element could not be located on the page using the given search parameters.
For documentation on this error, please visit: https://www.selenium.dev/documentation/webdriver/troubleshooting/errors#no-such-element-exception
Build info: version: &amp;apos;4.18.1&amp;apos;, revision: &amp;apos;b1d3319b48&amp;apos;
System info: os.name: &amp;apos;Windows 10&amp;apos;, os.arch: &amp;apos;amd64&amp;apos;, os.version: &amp;apos;10.0&amp;apos;, java.version: &amp;apos;17.0.10&amp;apos;
Driver info: io.appium.java_client.android.AndroidDriver
Command: [7f58e40b-b108-418e-b6b9-72184b25f2c5, findElement {value=com.androidsample.generalstore:id/toolbar_title, using=id}]
Capabilities {appium:app: C:\Users\Haneef-ullah\eclip..., appium:appPackage: io.appium.android.apis, appium:automationName: UIAutomator2, appium:chromedriverExecutable: ‪C:\Users\Haneef-ullah\ecli..., appium:databaseEnabled: false, appium:desired: {app: C:\Users\Haneef-ullah\eclip..., automationName: UIAutomator2, chromedriverExecutable: ‪C:\Users\Haneef-ullah\ecli..., deviceName: emulator-5554, platformName: ANDROID}, appium:deviceApiLevel: 25, appium:deviceManufacturer: OPPO, appium:deviceModel: CPH2023, appium:deviceName: , appium:deviceScreenDensity: 240, appium:deviceScreenSize: 1600x900, appium:deviceUDID: emulator-5554, appium:javascriptEnabled: true, appium:locationContextEnabled: false, appium:networkConnectionEnabled: true, appium:pixelRatio: 1.5, appium:platformVersion: 7.1.2, appium:statBarHeight: 36, appium:takesScreenshot: true, appium:viewportRect: {height: 864, left: 0, top: 36, width: 1600}, appium:warnings: {}, appium:webStorageEnabled: false, platformName: ANDROID}
Session ID: 7f58e40b-b108-418e-b6b9-72184b25f2c5">
      <![CDATA[org.openqa.selenium.NoSuchElementException: An element could not be located on the page using the given search parameters.
For documentation on this error, please visit: https://www.selenium.dev/documentation/webdriver/troubleshooting/errors#no-such-element-exception
Build info: version: '4.18.1', revision: 'b1d3319b48'
System info: os.name: 'Windows 10', os.arch: 'amd64', os.version: '10.0', java.version: '17.0.10'
Driver info: io.appium.java_client.android.AndroidDriver
Command: [7f58e40b-b108-418e-b6b9-72184b25f2c5, findElement {value=com.androidsample.generalstore:id/toolbar_title, using=id}]
Capabilities {appium:app: C:\Users\Haneef-ullah\eclip..., appium:appPackage: io.appium.android.apis, appium:automationName: UIAutomator2, appium:chromedriverExecutable: ‪C:\Users\Haneef-ullah\ecli..., appium:databaseEnabled: false, appium:desired: {app: C:\Users\Haneef-ullah\eclip..., automationName: UIAutomator2, chromedriverExecutable: ‪C:\Users\Haneef-ullah\ecli..., deviceName: emulator-5554, platformName: ANDROID}, appium:deviceApiLevel: 25, appium:deviceManufacturer: OPPO, appium:deviceModel: CPH2023, appium:deviceName: , appium:deviceScreenDensity: 240, appium:deviceScreenSize: 1600x900, appium:deviceUDID: emulator-5554, appium:javascriptEnabled: true, appium:locationContextEnabled: false, appium:networkConnectionEnabled: true, appium:pixelRatio: 1.5, appium:platformVersion: 7.1.2, appium:statBarHeight: 36, appium:takesScreenshot: true, appium:viewportRect: {height: 864, left: 0, top: 36, width: 1600}, appium:warnings: {}, appium:webStorageEnabled: false, platformName: ANDROID}
Session ID: 7f58e40b-b108-418e-b6b9-72184b25f2c5
at org.openqa.selenium.remote.ErrorCodec.decode(ErrorCodec.java:167)
at org.openqa.selenium.remote.codec.w3c.W3CHttpResponseCodec.decode(W3CHttpResponseCodec.java:138)
at org.openqa.selenium.remote.codec.w3c.W3CHttpResponseCodec.decode(W3CHttpResponseCodec.java:50)
at org.openqa.selenium.remote.HttpCommandExecutor.execute(HttpCommandExecutor.java:190)
at io.appium.java_client.remote.AppiumCommandExecutor.execute(AppiumCommandExecutor.java:237)
at org.openqa.selenium.remote.RemoteWebDriver.execute(RemoteWebDriver.java:519)
at org.openqa.selenium.remote.ElementLocation$ElementFinder$2.findElement(ElementLocation.java:165)
at org.openqa.selenium.remote.ElementLocation.findElement(ElementLocation.java:66)
at org.openqa.selenium.remote.RemoteWebDriver.findElement(RemoteWebDriver.java:356)
at org.openqa.selenium.remote.RemoteWebDriver.findElement(RemoteWebDriver.java:350)
at RunthroughTesNGXML.Ec_commerce_TC__2_toast_and_beforeclassExplanation.beforeeachmethod(Ec_commerce_TC__2_toast_and_beforeclassExplanation.java:20)
at java.base/java.util.ArrayList.forEach(ArrayList.java:1511)
... Removed 36 stack frames]]>
    </failure>
  </testcase> <!-- @BeforeMethod beforeeachmethod -->
  <testcase classname="RunthroughTesNGXML.Ec_commerce_TC__2_toast_and_beforeclassExplanation" name="@BeforeMethod beforeeachmethod" time="-1.708920113134E9">
    <skipped/>
  </testcase> <!-- @BeforeMethod beforeeachmethod -->
  <testcase classname="RunthroughTesNGXML.ec_commerce_tc_1" name="tc1" time="10.84">
    <failure type="org.openqa.selenium.NoSuchElementException" message="Can&amp;apos;t locate an element by this strategy: By.chained({AppiumBy.id: com.androidsample.generalstore:id/nameField})">
      <![CDATA[org.openqa.selenium.NoSuchElementException: Can't locate an element by this strategy: By.chained({AppiumBy.id: com.androidsample.generalstore:id/nameField})
at io.appium.java_client.pagefactory.AppiumElementLocator.findElement(AppiumElementLocator.java:166)
at io.appium.java_client.pagefactory.interceptors.InterceptorOfASingleElement.call(InterceptorOfASingleElement.java:75)
at io.appium.java_client.proxy.Interceptor.intercept(Interceptor.java:78)
at org.openqa.selenium.remote.RemoteWebElement$ByteBuddy$Ioimls8D.sendKeys(Unknown Source)
at Page_factory.FormPage.setNameField(FormPage.java:39)
at RunthroughTesNGXML.ec_commerce_tc_1.tc1(ec_commerce_tc_1.java:30)
at java.base/java.util.ArrayList.forEach(ArrayList.java:1511)
Caused by: org.openqa.selenium.TimeoutException: Expected condition failed: waiting for io.appium.java_client.pagefactory.AppiumElementLocator$WaitingFunction@3bdb2c78 (tried for 1 second(s) with 500 milliseconds interval)
at org.openqa.selenium.support.ui.FluentWait.timeoutException(FluentWait.java:265)
at org.openqa.selenium.support.ui.FluentWait.until(FluentWait.java:228)
at io.appium.java_client.pagefactory.AppiumElementLocator.waitFor(AppiumElementLocator.java:135)
at io.appium.java_client.pagefactory.AppiumElementLocator.findElement(AppiumElementLocator.java:160)
... 33 more
Caused by: org.openqa.selenium.NoSuchElementException: Cannot locate an element using By.chained({AppiumBy.id: com.androidsample.generalstore:id/nameField})
For documentation on this error, please visit: https://www.selenium.dev/documentation/webdriver/troubleshooting/errors#no-such-element-exception
Build info: version: '4.18.1', revision: 'b1d3319b48'
System info: os.name: 'Windows 10', os.arch: 'amd64', os.version: '10.0', java.version: '17.0.10'
Driver info: driver.version: RemoteWebDriver
at io.appium.java_client.pagefactory.bys.builder.ByChained.findElement(ByChained.java:74)
at org.openqa.selenium.remote.ElementLocation$ElementFinder$1.findElement(ElementLocation.java:139)
at org.openqa.selenium.remote.ElementLocation.findElement(ElementLocation.java:81)
at org.openqa.selenium.remote.RemoteWebDriver.findElement(RemoteWebDriver.java:356)
at org.openqa.selenium.remote.RemoteWebDriver.findElement(RemoteWebDriver.java:350)
at io.appium.java_client.pagefactory.bys.ContentMappedBy.findElement(ContentMappedBy.java:53)
at org.openqa.selenium.remote.ElementLocation$ElementFinder$1.findElement(ElementLocation.java:139)
at org.openqa.selenium.remote.ElementLocation.findElement(ElementLocation.java:81)
at org.openqa.selenium.remote.RemoteWebDriver.findElement(RemoteWebDriver.java:356)
at org.openqa.selenium.remote.RemoteWebDriver.findElement(RemoteWebDriver.java:350)
at io.appium.java_client.pagefactory.AppiumElementLocator.lambda$findElement$1(AppiumElementLocator.java:160)
at io.appium.java_client.pagefactory.AppiumElementLocator$WaitingFunction.apply(AppiumElementLocator.java:217)
at io.appium.java_client.pagefactory.AppiumElementLocator$WaitingFunction.apply(AppiumElementLocator.java:210)
at org.openqa.selenium.support.ui.FluentWait.until(FluentWait.java:203)
... 35 more
... Removed 27 stack frames]]>
    </failure>
  </testcase> <!-- tc1 -->
  <testcase classname="RunthroughTesNGXML.Ec_commerce_TC__2_toast_and_beforeclassExplanation" name="toast" time="0.0">
    <skipped/>
  </testcase> <!-- toast -->
  <testcase classname="RunthroughTesNGXML.Ec_commerce_TC__2_toast_and_beforeclassExplanation" name="seconedTest" time="0.0">
    <skipped/>
  </testcase> <!-- seconedTest -->
  <testcase classname="RunthroughTesNGXML.TC_4_handle_HybridApplication" name="tc1" time="10.05">
    <failure type="org.openqa.selenium.NoSuchElementException" message="An element could not be located on the page using the given search parameters.
For documentation on this error, please visit: https://www.selenium.dev/documentation/webdriver/troubleshooting/errors#no-such-element-exception
Build info: version: &amp;apos;4.18.1&amp;apos;, revision: &amp;apos;b1d3319b48&amp;apos;
System info: os.name: &amp;apos;Windows 10&amp;apos;, os.arch: &amp;apos;amd64&amp;apos;, os.version: &amp;apos;10.0&amp;apos;, java.version: &amp;apos;17.0.10&amp;apos;
Driver info: io.appium.java_client.android.AndroidDriver
Command: [791237c7-3f36-462f-a2c6-e5e2548ea79e, findElement {value=com.androidsample.generalstore:id/nameField, using=id}]
Capabilities {appium:app: C:\Users\Haneef-ullah\eclip..., appium:appPackage: io.appium.android.apis, appium:automationName: UIAutomator2, appium:chromedriverExecutable: ‪C:\Users\Haneef-ullah\ecli..., appium:databaseEnabled: false, appium:desired: {app: C:\Users\Haneef-ullah\eclip..., automationName: UIAutomator2, chromedriverExecutable: ‪C:\Users\Haneef-ullah\ecli..., deviceName: emulator-5554, platformName: ANDROID}, appium:deviceApiLevel: 25, appium:deviceManufacturer: OPPO, appium:deviceModel: CPH2023, appium:deviceName: , appium:deviceScreenDensity: 240, appium:deviceScreenSize: 1600x900, appium:deviceUDID: emulator-5554, appium:javascriptEnabled: true, appium:locationContextEnabled: false, appium:networkConnectionEnabled: true, appium:pixelRatio: 1.5, appium:platformVersion: 7.1.2, appium:statBarHeight: 36, appium:takesScreenshot: true, appium:viewportRect: {height: 864, left: 0, top: 36, width: 1600}, appium:warnings: {}, appium:webStorageEnabled: false, platformName: ANDROID}
Session ID: 791237c7-3f36-462f-a2c6-e5e2548ea79e">
      <![CDATA[org.openqa.selenium.NoSuchElementException: An element could not be located on the page using the given search parameters.
For documentation on this error, please visit: https://www.selenium.dev/documentation/webdriver/troubleshooting/errors#no-such-element-exception
Build info: version: '4.18.1', revision: 'b1d3319b48'
System info: os.name: 'Windows 10', os.arch: 'amd64', os.version: '10.0', java.version: '17.0.10'
Driver info: io.appium.java_client.android.AndroidDriver
Command: [791237c7-3f36-462f-a2c6-e5e2548ea79e, findElement {value=com.androidsample.generalstore:id/nameField, using=id}]
Capabilities {appium:app: C:\Users\Haneef-ullah\eclip..., appium:appPackage: io.appium.android.apis, appium:automationName: UIAutomator2, appium:chromedriverExecutable: ‪C:\Users\Haneef-ullah\ecli..., appium:databaseEnabled: false, appium:desired: {app: C:\Users\Haneef-ullah\eclip..., automationName: UIAutomator2, chromedriverExecutable: ‪C:\Users\Haneef-ullah\ecli..., deviceName: emulator-5554, platformName: ANDROID}, appium:deviceApiLevel: 25, appium:deviceManufacturer: OPPO, appium:deviceModel: CPH2023, appium:deviceName: , appium:deviceScreenDensity: 240, appium:deviceScreenSize: 1600x900, appium:deviceUDID: emulator-5554, appium:javascriptEnabled: true, appium:locationContextEnabled: false, appium:networkConnectionEnabled: true, appium:pixelRatio: 1.5, appium:platformVersion: 7.1.2, appium:statBarHeight: 36, appium:takesScreenshot: true, appium:viewportRect: {height: 864, left: 0, top: 36, width: 1600}, appium:warnings: {}, appium:webStorageEnabled: false, platformName: ANDROID}
Session ID: 791237c7-3f36-462f-a2c6-e5e2548ea79e
at org.openqa.selenium.remote.ErrorCodec.decode(ErrorCodec.java:167)
at org.openqa.selenium.remote.codec.w3c.W3CHttpResponseCodec.decode(W3CHttpResponseCodec.java:138)
at org.openqa.selenium.remote.codec.w3c.W3CHttpResponseCodec.decode(W3CHttpResponseCodec.java:50)
at org.openqa.selenium.remote.HttpCommandExecutor.execute(HttpCommandExecutor.java:190)
at io.appium.java_client.remote.AppiumCommandExecutor.execute(AppiumCommandExecutor.java:237)
at org.openqa.selenium.remote.RemoteWebDriver.execute(RemoteWebDriver.java:519)
at org.openqa.selenium.remote.ElementLocation$ElementFinder$2.findElement(ElementLocation.java:165)
at org.openqa.selenium.remote.ElementLocation.findElement(ElementLocation.java:66)
at org.openqa.selenium.remote.RemoteWebDriver.findElement(RemoteWebDriver.java:356)
at org.openqa.selenium.remote.RemoteWebDriver.findElement(RemoteWebDriver.java:350)
at RunthroughTesNGXML.TC_4_handle_HybridApplication.tc1(TC_4_handle_HybridApplication.java:28)
at java.base/java.util.ArrayList.forEach(ArrayList.java:1511)
... Removed 32 stack frames]]>
    </failure>
  </testcase> <!-- tc1 -->
  <testcase classname="RunthroughTesNGXML.TC_3_sum_price" name="tc1" time="10.031">
    <failure type="org.openqa.selenium.NoSuchElementException" message="An element could not be located on the page using the given search parameters.
For documentation on this error, please visit: https://www.selenium.dev/documentation/webdriver/troubleshooting/errors#no-such-element-exception
Build info: version: &amp;apos;4.18.1&amp;apos;, revision: &amp;apos;b1d3319b48&amp;apos;
System info: os.name: &amp;apos;Windows 10&amp;apos;, os.arch: &amp;apos;amd64&amp;apos;, os.version: &amp;apos;10.0&amp;apos;, java.version: &amp;apos;17.0.10&amp;apos;
Driver info: io.appium.java_client.android.AndroidDriver
Command: [515156e4-6df7-480a-8c7b-fd225801e4ae, findElement {value=com.androidsample.generalstore:id/nameField, using=id}]
Capabilities {appium:app: C:\Users\Haneef-ullah\eclip..., appium:appPackage: io.appium.android.apis, appium:automationName: UIAutomator2, appium:chromedriverExecutable: ‪C:\Users\Haneef-ullah\ecli..., appium:databaseEnabled: false, appium:desired: {app: C:\Users\Haneef-ullah\eclip..., automationName: UIAutomator2, chromedriverExecutable: ‪C:\Users\Haneef-ullah\ecli..., deviceName: emulator-5554, platformName: ANDROID}, appium:deviceApiLevel: 25, appium:deviceManufacturer: OPPO, appium:deviceModel: CPH2023, appium:deviceName: , appium:deviceScreenDensity: 240, appium:deviceScreenSize: 1600x900, appium:deviceUDID: emulator-5554, appium:javascriptEnabled: true, appium:locationContextEnabled: false, appium:networkConnectionEnabled: true, appium:pixelRatio: 1.5, appium:platformVersion: 7.1.2, appium:statBarHeight: 36, appium:takesScreenshot: true, appium:viewportRect: {height: 864, left: 0, top: 36, width: 1600}, appium:warnings: {}, appium:webStorageEnabled: false, platformName: ANDROID}
Session ID: 515156e4-6df7-480a-8c7b-fd225801e4ae">
      <![CDATA[org.openqa.selenium.NoSuchElementException: An element could not be located on the page using the given search parameters.
For documentation on this error, please visit: https://www.selenium.dev/documentation/webdriver/troubleshooting/errors#no-such-element-exception
Build info: version: '4.18.1', revision: 'b1d3319b48'
System info: os.name: 'Windows 10', os.arch: 'amd64', os.version: '10.0', java.version: '17.0.10'
Driver info: io.appium.java_client.android.AndroidDriver
Command: [515156e4-6df7-480a-8c7b-fd225801e4ae, findElement {value=com.androidsample.generalstore:id/nameField, using=id}]
Capabilities {appium:app: C:\Users\Haneef-ullah\eclip..., appium:appPackage: io.appium.android.apis, appium:automationName: UIAutomator2, appium:chromedriverExecutable: ‪C:\Users\Haneef-ullah\ecli..., appium:databaseEnabled: false, appium:desired: {app: C:\Users\Haneef-ullah\eclip..., automationName: UIAutomator2, chromedriverExecutable: ‪C:\Users\Haneef-ullah\ecli..., deviceName: emulator-5554, platformName: ANDROID}, appium:deviceApiLevel: 25, appium:deviceManufacturer: OPPO, appium:deviceModel: CPH2023, appium:deviceName: , appium:deviceScreenDensity: 240, appium:deviceScreenSize: 1600x900, appium:deviceUDID: emulator-5554, appium:javascriptEnabled: true, appium:locationContextEnabled: false, appium:networkConnectionEnabled: true, appium:pixelRatio: 1.5, appium:platformVersion: 7.1.2, appium:statBarHeight: 36, appium:takesScreenshot: true, appium:viewportRect: {height: 864, left: 0, top: 36, width: 1600}, appium:warnings: {}, appium:webStorageEnabled: false, platformName: ANDROID}
Session ID: 515156e4-6df7-480a-8c7b-fd225801e4ae
at org.openqa.selenium.remote.ErrorCodec.decode(ErrorCodec.java:167)
at org.openqa.selenium.remote.codec.w3c.W3CHttpResponseCodec.decode(W3CHttpResponseCodec.java:138)
at org.openqa.selenium.remote.codec.w3c.W3CHttpResponseCodec.decode(W3CHttpResponseCodec.java:50)
at org.openqa.selenium.remote.HttpCommandExecutor.execute(HttpCommandExecutor.java:190)
at io.appium.java_client.remote.AppiumCommandExecutor.execute(AppiumCommandExecutor.java:237)
at org.openqa.selenium.remote.RemoteWebDriver.execute(RemoteWebDriver.java:519)
at org.openqa.selenium.remote.ElementLocation$ElementFinder$2.findElement(ElementLocation.java:165)
at org.openqa.selenium.remote.ElementLocation.findElement(ElementLocation.java:66)
at org.openqa.selenium.remote.RemoteWebDriver.findElement(RemoteWebDriver.java:356)
at org.openqa.selenium.remote.RemoteWebDriver.findElement(RemoteWebDriver.java:350)
at RunthroughTesNGXML.TC_3_sum_price.tc1(TC_3_sum_price.java:24)
at java.base/java.util.ArrayList.forEach(ArrayList.java:1511)
... Removed 32 stack frames]]>
    </failure>
  </testcase> <!-- tc1 -->
</testsuite> <!-- Test -->
